<?xml version="1.0" encoding="UTF-8"?>
<beans xmlns="http://www.springframework.org/schema/beans"
	xmlns:xsi="http://www.w3.org/2001/XMLSchema-instance"
	xmlns:context="http://www.springframework.org/schema/context"
	xmlns:security="http://www.springframework.org/schema/security"
	xsi:schemaLocation="http://www.springframework.org/schema/beans http://www.springframework.org/schema/beans/spring-beans.xsd
		http://www.springframework.org/schema/context http://www.springframework.org/schema/context/spring-context.xsd
		http://www.springframework.org/schema/security http://www.springframework.org/schema/security/spring-security.xsd">
		
	<context:component-scan
		base-package="com.jdc.security.service"></context:component-scan>

	<bean id="dataSource"
		class="org.apache.commons.dbcp.BasicDataSource">
		<property name="url"
			value="jdbc:mysql://localhost:3306/auth_db"></property>
		<property name="username" value="root"></property>
		<property name="password" value="admin"></property>
	</bean>

	<bean id="bcrypt"
		class="org.springframework.security.crypto.bcrypt.BCryptPasswordEncoder"></bean>

	<bean
		class="org.springframework.jdbc.core.simple.SimpleJdbcInsert"
		id="insert">
		<constructor-arg ref="dataSource"></constructor-arg>
		<property name="tableName" value="user"></property>
		<property name="columnNames">
			<list>
				<value>login</value>
				<value>name</value>
				<value>password</value>
			</list>
		</property>
	</bean>

	<security:authentication-manager
		id="authManager">
		<security:authentication-provider>
			<security:user-service>
				<security:user name="admin" authorities="Admin"
					password="{noop}admin" />
			</security:user-service>
		</security:authentication-provider>

		<security:authentication-provider>
			<security:password-encoder hash="bcrypt"
				ref="bcrypt" />
			<security:jdbc-user-service
				data-source-ref="dataSource"
				users-by-username-query="select 
 login ,password , valid from user where login = ?"
				authorities-by-username-query="select login , 
 role from user where login = ?" />
		</security:authentication-provider>
	</security:authentication-manager>

	<security:http authentication-manager-ref="authManager">
	
	 <security:csrf disabled="true"/>
	 
	 <security:intercept-url pattern="/admin/**" access="hasAuthority('Admin')"/>
	 <security:intercept-url pattern="/member/**" access="hasAnyAuthority('Admin','Member')"/>

		<security:form-login login-page="/views/security/signin.jsp"
			login-processing-url="/login" username-parameter="loginId"
			password-parameter="password" />

		<security:logout invalidate-session="true"
			logout-url="/logout" logout-success-url="/" />

	</security:http>
</beans>
